2014-04-07 14:51:37,565 WARN org.apache.hadoop.util.NativeCodeLoader: Unable to load native-hadoop library for your platform... using builtin-java classes where applicable
2014-04-07 14:51:40,588 WARN org.apache.hadoop.conf.Configuration: session.id is deprecated. Instead, use dfs.metrics.session-id
2014-04-07 14:51:40,611 INFO org.apache.hadoop.metrics.jvm.JvmMetrics: Initializing JVM Metrics with processName=JobTracker, sessionId=
2014-04-07 14:51:41,946 WARN org.apache.hadoop.mapreduce.JobSubmitter: Use GenericOptionsParser for parsing the arguments. Applications should implement Tool for the same.
2014-04-07 14:51:41,956 WARN org.apache.hadoop.mapreduce.JobSubmitter: No job jar file set.  User classes may not be found. See Job or Job#setJar(String).
2014-04-07 14:51:42,020 INFO org.apache.hadoop.mapreduce.lib.input.FileInputFormat: Total input paths to process : 0
2014-04-07 14:51:42,133 INFO org.apache.hadoop.mapreduce.JobSubmitter: number of splits:0
2014-04-07 14:51:42,301 WARN org.apache.hadoop.conf.Configuration: mapred.output.value.class is deprecated. Instead, use mapreduce.job.output.value.class
2014-04-07 14:51:42,306 WARN org.apache.hadoop.conf.Configuration: mapreduce.map.class is deprecated. Instead, use mapreduce.job.map.class
2014-04-07 14:51:42,310 WARN org.apache.hadoop.conf.Configuration: mapreduce.reduce.class is deprecated. Instead, use mapreduce.job.reduce.class
2014-04-07 14:51:42,311 WARN org.apache.hadoop.conf.Configuration: mapreduce.inputformat.class is deprecated. Instead, use mapreduce.job.inputformat.class
2014-04-07 14:51:42,312 WARN org.apache.hadoop.conf.Configuration: mapred.input.dir is deprecated. Instead, use mapreduce.input.fileinputformat.inputdir
2014-04-07 14:51:42,312 WARN org.apache.hadoop.conf.Configuration: mapred.output.dir is deprecated. Instead, use mapreduce.output.fileoutputformat.outputdir
2014-04-07 14:51:42,312 WARN org.apache.hadoop.conf.Configuration: mapreduce.outputformat.class is deprecated. Instead, use mapreduce.job.outputformat.class
2014-04-07 14:51:42,313 WARN org.apache.hadoop.conf.Configuration: mapred.map.tasks is deprecated. Instead, use mapreduce.job.maps
2014-04-07 14:51:42,314 WARN org.apache.hadoop.conf.Configuration: mapred.output.key.class is deprecated. Instead, use mapreduce.job.output.key.class
2014-04-07 14:51:42,317 WARN org.apache.hadoop.conf.Configuration: mapred.working.dir is deprecated. Instead, use mapreduce.job.working.dir
2014-04-07 14:51:43,421 INFO org.apache.hadoop.mapreduce.JobSubmitter: Submitting tokens for job: job_local2008702282_0001
2014-04-07 14:51:45,838 INFO org.apache.hadoop.mapreduce.Job: The url to track the job: http://localhost:8080/
2014-04-07 14:51:45,849 INFO org.apache.hadoop.mapred.LocalJobRunner: OutputCommitter set in config null
2014-04-07 14:51:45,896 INFO org.apache.hadoop.mapred.LocalJobRunner: OutputCommitter is org.apache.hadoop.mapreduce.lib.output.FileOutputCommitter
2014-04-07 14:51:45,949 INFO org.apache.hadoop.mapred.LocalJobRunner: Waiting for map tasks
2014-04-07 14:51:45,959 INFO org.apache.hadoop.mapred.LocalJobRunner: Map task executor complete.
2014-04-07 14:51:46,448 INFO org.apache.hadoop.mapred.Task:  Using ResourceCalculatorProcessTree : [ ]
2014-04-07 14:51:46,487 INFO org.apache.hadoop.mapred.Merger: Merging 0 sorted segments
2014-04-07 14:51:46,487 INFO org.apache.hadoop.mapred.Merger: Down to the last merge-pass, with 0 segments left of total size: 0 bytes
2014-04-07 14:51:46,487 INFO org.apache.hadoop.mapred.LocalJobRunner: 
2014-04-07 14:51:46,530 WARN org.apache.hadoop.conf.Configuration: mapred.skip.on is deprecated. Instead, use mapreduce.job.skiprecords
2014-04-07 14:51:46,584 INFO org.apache.hadoop.mapred.Task: Task:attempt_local2008702282_0001_r_000000_0 is done. And is in the process of committing
2014-04-07 14:51:46,615 INFO org.apache.hadoop.mapred.LocalJobRunner: 
2014-04-07 14:51:46,619 INFO org.apache.hadoop.mapred.Task: Task attempt_local2008702282_0001_r_000000_0 is allowed to commit now
2014-04-07 14:51:46,622 INFO org.apache.hadoop.mapreduce.lib.output.FileOutputCommitter: Saved output of task 'attempt_local2008702282_0001_r_000000_0' to file:/home/cloudera/workspace/WordCount_Pre0.23_Post0.20/output/_temporary/0/task_local2008702282_0001_r_000000
2014-04-07 14:51:46,625 INFO org.apache.hadoop.mapred.LocalJobRunner: reduce > reduce
2014-04-07 14:51:46,625 INFO org.apache.hadoop.mapred.Task: Task 'attempt_local2008702282_0001_r_000000_0' done.
