2014-04-23 16:48:49,371 WARN org.apache.hadoop.util.NativeCodeLoader: Unable to load native-hadoop library for your platform... using builtin-java classes where applicable
2014-04-23 16:48:51,668 WARN org.apache.hadoop.conf.Configuration: session.id is deprecated. Instead, use dfs.metrics.session-id
2014-04-23 16:48:51,678 INFO org.apache.hadoop.metrics.jvm.JvmMetrics: Initializing JVM Metrics with processName=JobTracker, sessionId=
2014-04-23 16:48:53,375 WARN org.apache.hadoop.mapreduce.JobSubmitter: No job jar file set.  User classes may not be found. See Job or Job#setJar(String).
2014-04-23 16:48:53,610 INFO org.apache.hadoop.mapreduce.lib.input.FileInputFormat: Total input paths to process : 1
2014-04-23 16:48:54,028 INFO org.apache.hadoop.mapreduce.JobSubmitter: number of splits:1
2014-04-23 16:48:54,163 WARN org.apache.hadoop.conf.Configuration: mapred.mapoutput.value.class is deprecated. Instead, use mapreduce.map.output.value.class
2014-04-23 16:48:54,164 WARN org.apache.hadoop.conf.Configuration: mapreduce.combine.class is deprecated. Instead, use mapreduce.job.combine.class
2014-04-23 16:48:54,165 WARN org.apache.hadoop.conf.Configuration: mapreduce.map.class is deprecated. Instead, use mapreduce.job.map.class
2014-04-23 16:48:54,179 WARN org.apache.hadoop.conf.Configuration: mapreduce.reduce.class is deprecated. Instead, use mapreduce.job.reduce.class
2014-04-23 16:48:54,180 WARN org.apache.hadoop.conf.Configuration: mapreduce.inputformat.class is deprecated. Instead, use mapreduce.job.inputformat.class
2014-04-23 16:48:54,180 WARN org.apache.hadoop.conf.Configuration: mapred.input.dir is deprecated. Instead, use mapreduce.input.fileinputformat.inputdir
2014-04-23 16:48:54,182 WARN org.apache.hadoop.conf.Configuration: mapred.output.dir is deprecated. Instead, use mapreduce.output.fileoutputformat.outputdir
2014-04-23 16:48:54,189 WARN org.apache.hadoop.conf.Configuration: mapred.map.tasks is deprecated. Instead, use mapreduce.job.maps
2014-04-23 16:48:54,192 WARN org.apache.hadoop.conf.Configuration: mapred.mapoutput.key.class is deprecated. Instead, use mapreduce.map.output.key.class
2014-04-23 16:48:54,197 WARN org.apache.hadoop.conf.Configuration: mapred.working.dir is deprecated. Instead, use mapreduce.job.working.dir
2014-04-23 16:48:55,134 INFO org.apache.hadoop.mapreduce.JobSubmitter: Submitting tokens for job: job_local569064286_0001
2014-04-23 16:48:57,247 INFO org.apache.hadoop.mapreduce.Job: The url to track the job: http://localhost:8080/
2014-04-23 16:48:57,248 INFO org.apache.hadoop.mapreduce.Job: Running job: job_local569064286_0001
2014-04-23 16:48:57,272 INFO org.apache.hadoop.mapred.LocalJobRunner: OutputCommitter set in config null
2014-04-23 16:48:57,330 INFO org.apache.hadoop.mapred.LocalJobRunner: OutputCommitter is org.apache.hadoop.mapreduce.lib.output.FileOutputCommitter
2014-04-23 16:48:57,403 INFO org.apache.hadoop.mapred.LocalJobRunner: Waiting for map tasks
2014-04-23 16:48:57,408 INFO org.apache.hadoop.mapred.LocalJobRunner: Starting task: attempt_local569064286_0001_m_000000_0
2014-04-23 16:48:57,816 INFO org.apache.hadoop.mapred.Task:  Using ResourceCalculatorProcessTree : [ ]
2014-04-23 16:48:57,832 INFO org.apache.hadoop.mapred.MapTask: Processing split: file:/home/cloudera/workspace/TrafficInduce/input/input.txt:0+969
2014-04-23 16:48:58,007 INFO org.apache.hadoop.mapred.MapTask: Map output collector class = org.apache.hadoop.mapred.MapTask$MapOutputBuffer
2014-04-23 16:48:58,310 INFO org.apache.hadoop.mapreduce.Job: Job job_local569064286_0001 running in uber mode : false
2014-04-23 16:49:00,783 INFO org.apache.hadoop.mapred.MapTask: (EQUATOR) 0 kvi 26214396(104857584)
2014-04-23 16:49:01,799 INFO org.apache.hadoop.mapred.MapTask: mapreduce.task.io.sort.mb: 100
2014-04-23 16:49:01,800 INFO org.apache.hadoop.mapred.MapTask: soft limit at 83886080
2014-04-23 16:49:01,800 INFO org.apache.hadoop.mapred.MapTask: bufstart = 0; bufvoid = 104857600
2014-04-23 16:49:01,800 INFO org.apache.hadoop.mapred.MapTask: kvstart = 26214396; length = 6553600
2014-04-23 16:49:02,362 INFO org.apache.hadoop.mapreduce.Job:  map 0% reduce 0%
2014-04-23 16:49:06,706 INFO org.apache.hadoop.mapred.LocalJobRunner: 
2014-04-23 16:49:06,707 INFO org.apache.hadoop.mapred.MapTask: Starting flush of map output
2014-04-23 16:49:06,707 INFO org.apache.hadoop.mapred.MapTask: Spilling map output
2014-04-23 16:49:06,708 INFO org.apache.hadoop.mapred.MapTask: bufstart = 0; bufend = 175; bufvoid = 104857600
2014-04-23 16:49:06,708 INFO org.apache.hadoop.mapred.MapTask: kvstart = 26214396(104857584); kvend = 26214372(104857488); length = 25/6553600
2014-04-23 16:49:07,965 INFO org.apache.hadoop.mapred.MapTask: Finished spill 0
2014-04-23 16:49:10,931 INFO org.apache.hadoop.mapred.LocalJobRunner: map > sort
2014-04-23 16:49:18,050 INFO org.apache.hadoop.mapreduce.Job:  map 67% reduce 0%
2014-04-23 16:49:20,738 INFO org.apache.hadoop.mapred.LocalJobRunner: map > sort
2014-04-23 16:49:21,558 INFO org.apache.hadoop.mapred.Task: Task:attempt_local569064286_0001_m_000000_0 is done. And is in the process of committing
2014-04-23 16:49:21,589 INFO org.apache.hadoop.mapred.LocalJobRunner: map
2014-04-23 16:49:21,590 INFO org.apache.hadoop.mapred.Task: Task 'attempt_local569064286_0001_m_000000_0' done.
2014-04-23 16:49:21,590 INFO org.apache.hadoop.mapred.LocalJobRunner: Finishing task: attempt_local569064286_0001_m_000000_0
2014-04-23 16:49:21,590 INFO org.apache.hadoop.mapred.LocalJobRunner: Map task executor complete.
2014-04-23 16:49:22,461 INFO org.apache.hadoop.mapreduce.Job:  map 100% reduce 0%
2014-04-23 16:49:23,030 INFO org.apache.hadoop.mapred.Task:  Using ResourceCalculatorProcessTree : [ ]
2014-04-23 16:49:23,904 INFO org.apache.hadoop.mapred.Merger: Merging 1 sorted segments
2014-04-23 16:49:36,600 INFO org.apache.hadoop.mapred.Merger: Down to the last merge-pass, with 1 segments left of total size: 176 bytes
2014-04-23 16:49:36,601 INFO org.apache.hadoop.mapred.LocalJobRunner: 
2014-04-23 16:49:37,730 WARN org.apache.hadoop.conf.Configuration: mapred.skip.on is deprecated. Instead, use mapreduce.job.skiprecords
2014-04-23 16:49:37,991 INFO org.apache.hadoop.mapred.Task: Task:attempt_local569064286_0001_r_000000_0 is done. And is in the process of committing
2014-04-23 16:49:37,993 INFO org.apache.hadoop.mapred.LocalJobRunner: 
2014-04-23 16:49:37,994 INFO org.apache.hadoop.mapred.Task: Task attempt_local569064286_0001_r_000000_0 is allowed to commit now
2014-04-23 16:49:37,997 INFO org.apache.hadoop.mapreduce.lib.output.FileOutputCommitter: Saved output of task 'attempt_local569064286_0001_r_000000_0' to file:/home/cloudera/workspace/TrafficInduce/output/_temporary/0/task_local569064286_0001_r_000000
2014-04-23 16:49:37,997 INFO org.apache.hadoop.mapred.LocalJobRunner: reduce > reduce
2014-04-23 16:49:37,998 INFO org.apache.hadoop.mapred.Task: Task 'attempt_local569064286_0001_r_000000_0' done.
2014-04-23 16:49:38,483 INFO org.apache.hadoop.mapreduce.Job:  map 100% reduce 100%
2014-04-23 16:49:39,484 INFO org.apache.hadoop.mapreduce.Job: Job job_local569064286_0001 completed successfully
2014-04-23 16:49:43,353 INFO org.apache.hadoop.mapreduce.Job: Counters: 28
	File System Counters
		FILE: Number of bytes read=2493
		FILE: Number of bytes written=340753
		FILE: Number of read operations=0
		FILE: Number of large read operations=0
		FILE: Number of write operations=0
	Map-Reduce Framework
		Map input records=10
		Map output records=7
		Map output bytes=175
		Map output materialized bytes=195
		Input split bytes=124
		Combine input records=7
		Combine output records=7
		Reduce input groups=7
		Reduce shuffle bytes=0
		Reduce input records=7
		Reduce output records=7
		Spilled Records=14
		Shuffled Maps =0
		Failed Shuffles=0
		Merged Map outputs=0
		GC time elapsed (ms)=259
		CPU time spent (ms)=0
		Physical memory (bytes) snapshot=0
		Virtual memory (bytes) snapshot=0
		Total committed heap usage (bytes)=269623296
	Averager Counters
		Blank lines=3
	File Input Format Counters 
		Bytes Read=969
	File Output Format Counters 
		Bytes Written=181
